2019-10-18 18:14:13,020 [INFO] Activator:176 - 


2019-10-18 18:14:13,028 [INFO] Activator:177 - !SESSION log4j initialized
2019-10-18 18:31:56,115 [INFO] LogOutputStream:76 - [STDOUT_REDIRECT] Successfull proxy connection.
2019-10-18 18:32:51,359 [ERROR] LogOutputStream:74 - [STDERR_REDIRECT] [Fatal Error] cubemx.pidx:10:42: Open quote is expected for attribute "language" associated with an  element type  "script".
2019-10-18 18:32:51,361 [ERROR] LogOutputStream:74 - [STDERR_REDIRECT] 
2019-10-18 18:34:10,819 [INFO] LogOutputStream:76 - [STDOUT_REDIRECT] withoutVersionV1.24.1
2019-10-18 18:34:10,820 [INFO] LogOutputStream:76 - [STDOUT_REDIRECT] withoutVersionV1.24.0
2019-10-18 18:36:43,553 [INFO] LogOutputStream:76 - [STDOUT_REDIRECT] File copied successfully!!
2019-10-18 18:36:51,656 [INFO] LogOutputStream:76 - [STDOUT_REDIRECT] Successfull proxy connection.
2019-10-18 18:36:57,450 [INFO] LogOutputStream:76 - [STDOUT_REDIRECT] toolchainItems.length=====1
2019-10-18 18:40:49,990 [INFO] LogOutputStream:76 - [STDOUT_REDIRECT] Command line
2019-10-18 18:40:49,992 [INFO] LogOutputStream:76 - [STDOUT_REDIRECT] Debug : prepare data for SYS
2019-10-18 18:40:49,994 [INFO] LogOutputStream:76 - [STDOUT_REDIRECT] Command line test
2019-10-18 18:40:49,998 [INFO] LogOutputStream:76 - [STDOUT_REDIRECT] Debug : prepare data for NVIC
2019-10-18 18:40:50,000 [INFO] LogOutputStream:76 - [STDOUT_REDIRECT] Command line test
2019-10-18 18:42:14,048 [INFO] Activator:176 - 


2019-10-18 18:42:14,053 [INFO] Activator:177 - !SESSION log4j initialized
2019-10-18 19:06:18,827 [INFO] RetryExec:97 - I/O exception (java.net.SocketException) caught when processing request to {}->http://sw-center.st.com:80: Connection reset
2019-10-18 19:06:18,830 [INFO] RetryExec:113 - Retrying request to {}->http://sw-center.st.com:80
2019-10-18 19:23:15,878 [INFO] RetryExec:97 - I/O exception (org.apache.http.NoHttpResponseException) caught when processing request to {}->http://download.eclipse.org:80: The target server failed to respond
2019-10-18 19:23:15,879 [INFO] RetryExec:113 - Retrying request to {}->http://download.eclipse.org:80
2019-10-18 19:23:34,293 [INFO] RetryExec:97 - I/O exception (org.apache.http.NoHttpResponseException) caught when processing request to {}->http://download.eclipse.org:80: The target server failed to respond
2019-10-18 19:23:34,293 [INFO] RetryExec:113 - Retrying request to {}->http://download.eclipse.org:80
2019-10-18 19:23:34,294 [INFO] RetryExec:97 - I/O exception (org.apache.http.NoHttpResponseException) caught when processing request to {}->http://download.eclipse.org:80: The target server failed to respond
2019-10-18 19:23:34,295 [INFO] RetryExec:113 - Retrying request to {}->http://download.eclipse.org:80
2019-10-18 19:23:34,295 [INFO] RetryExec:97 - I/O exception (org.apache.http.NoHttpResponseException) caught when processing request to {}->http://download.eclipse.org:80: The target server failed to respond
2019-10-18 19:23:34,296 [INFO] RetryExec:113 - Retrying request to {}->http://download.eclipse.org:80
2019-10-18 19:23:35,166 [INFO] RetryExec:97 - I/O exception (org.apache.http.NoHttpResponseException) caught when processing request to {}->http://download.eclipse.org:80: The target server failed to respond
2019-10-18 19:23:35,166 [INFO] RetryExec:113 - Retrying request to {}->http://download.eclipse.org:80
2019-10-18 19:23:36,810 [INFO] RetryExec:97 - I/O exception (org.apache.http.NoHttpResponseException) caught when processing request to {}->http://download.eclipse.org:80: The target server failed to respond
2019-10-18 19:23:36,810 [INFO] RetryExec:113 - Retrying request to {}->http://download.eclipse.org:80
2019-10-18 19:23:37,097 [INFO] RetryExec:97 - I/O exception (org.apache.http.NoHttpResponseException) caught when processing request to {}->http://download.eclipse.org:80: The target server failed to respond
2019-10-18 19:23:37,097 [INFO] RetryExec:113 - Retrying request to {}->http://download.eclipse.org:80
2019-10-18 19:23:37,846 [INFO] RetryExec:97 - I/O exception (org.apache.http.NoHttpResponseException) caught when processing request to {}->http://download.eclipse.org:80: The target server failed to respond
2019-10-18 19:23:37,846 [INFO] RetryExec:113 - Retrying request to {}->http://download.eclipse.org:80
2019-10-18 19:23:39,962 [INFO] RetryExec:97 - I/O exception (org.apache.http.NoHttpResponseException) caught when processing request to {}->http://download.eclipse.org:80: The target server failed to respond
2019-10-18 19:23:39,962 [INFO] RetryExec:113 - Retrying request to {}->http://download.eclipse.org:80
2019-10-18 19:23:41,988 [INFO] RetryExec:97 - I/O exception (org.apache.http.NoHttpResponseException) caught when processing request to {}->http://download.eclipse.org:80: The target server failed to respond
2019-10-18 19:23:41,989 [INFO] RetryExec:113 - Retrying request to {}->http://download.eclipse.org:80
2019-10-18 19:23:43,877 [INFO] RetryExec:97 - I/O exception (org.apache.http.NoHttpResponseException) caught when processing request to {}->http://download.eclipse.org:80: The target server failed to respond
2019-10-18 19:23:43,877 [INFO] RetryExec:113 - Retrying request to {}->http://download.eclipse.org:80
2019-10-18 19:24:11,832 [INFO] RetryExec:97 - I/O exception (org.apache.http.NoHttpResponseException) caught when processing request to {}->http://download.eclipse.org:80: The target server failed to respond
2019-10-18 19:24:11,833 [INFO] RetryExec:113 - Retrying request to {}->http://download.eclipse.org:80
2019-10-18 19:24:15,965 [INFO] RetryExec:97 - I/O exception (org.apache.http.NoHttpResponseException) caught when processing request to {}->http://download.eclipse.org:80: The target server failed to respond
2019-10-18 19:24:15,965 [INFO] RetryExec:113 - Retrying request to {}->http://download.eclipse.org:80
2019-10-18 19:24:17,706 [INFO] RetryExec:97 - I/O exception (org.apache.http.NoHttpResponseException) caught when processing request to {}->http://download.eclipse.org:80: The target server failed to respond
2019-10-18 19:24:17,706 [INFO] RetryExec:113 - Retrying request to {}->http://download.eclipse.org:80
2019-10-18 19:24:19,085 [INFO] RetryExec:97 - I/O exception (org.apache.http.NoHttpResponseException) caught when processing request to {}->http://download.eclipse.org:80: The target server failed to respond
2019-10-18 19:24:19,085 [INFO] RetryExec:113 - Retrying request to {}->http://download.eclipse.org:80
2019-10-18 19:24:22,250 [INFO] RetryExec:97 - I/O exception (org.apache.http.NoHttpResponseException) caught when processing request to {}->http://download.eclipse.org:80: The target server failed to respond
2019-10-18 19:24:22,251 [INFO] RetryExec:113 - Retrying request to {}->http://download.eclipse.org:80
2019-10-18 19:24:24,079 [INFO] RetryExec:97 - I/O exception (org.apache.http.NoHttpResponseException) caught when processing request to {}->http://download.eclipse.org:80: The target server failed to respond
2019-10-18 19:24:24,079 [INFO] RetryExec:113 - Retrying request to {}->http://download.eclipse.org:80
2019-10-18 19:26:01,058 [INFO] RetryExec:97 - I/O exception (org.apache.http.NoHttpResponseException) caught when processing request to {}->http://ftp.jaist.ac.jp:80: The target server failed to respond
2019-10-18 19:26:01,058 [INFO] RetryExec:113 - Retrying request to {}->http://ftp.jaist.ac.jp:80
2019-10-18 19:26:43,516 [INFO] RetryExec:97 - I/O exception (java.net.SocketException) caught when processing request to {s}->https://mirror.nbtelecom.com.br:443: Connection reset
2019-10-18 19:26:43,517 [INFO] RetryExec:113 - Retrying request to {s}->https://mirror.nbtelecom.com.br:443
2019-10-18 19:26:43,518 [INFO] RetryExec:97 - I/O exception (java.net.SocketException) caught when processing request to {s}->https://mirror.nbtelecom.com.br:443: Network is unreachable: connect
2019-10-18 19:26:43,518 [INFO] RetryExec:113 - Retrying request to {s}->https://mirror.nbtelecom.com.br:443
2019-10-18 19:26:43,520 [INFO] RetryExec:97 - I/O exception (java.net.SocketException) caught when processing request to {s}->https://mirror.nbtelecom.com.br:443: Network is unreachable: connect
2019-10-18 19:26:43,520 [INFO] RetryExec:113 - Retrying request to {s}->https://mirror.nbtelecom.com.br:443
2019-10-18 19:26:43,662 [INFO] RetryExec:97 - I/O exception (java.net.SocketException) caught when processing request to {}->http://ftp.jaist.ac.jp:80: Network is unreachable: connect
2019-10-18 19:26:43,662 [INFO] RetryExec:113 - Retrying request to {}->http://ftp.jaist.ac.jp:80
2019-10-18 19:26:43,663 [INFO] RetryExec:97 - I/O exception (java.net.SocketException) caught when processing request to {}->http://ftp.jaist.ac.jp:80: Network is unreachable: connect
2019-10-18 19:26:43,663 [INFO] RetryExec:113 - Retrying request to {}->http://ftp.jaist.ac.jp:80
2019-10-18 19:26:43,665 [INFO] RetryExec:97 - I/O exception (java.net.SocketException) caught when processing request to {}->http://ftp.jaist.ac.jp:80: Network is unreachable: connect
2019-10-18 19:26:43,666 [INFO] RetryExec:113 - Retrying request to {}->http://ftp.jaist.ac.jp:80
2019-10-18 19:26:43,784 [INFO] RetryExec:97 - I/O exception (java.net.SocketException) caught when processing request to {}->http://ftp.jaist.ac.jp:80: Network is unreachable: connect
2019-10-18 19:26:43,784 [INFO] RetryExec:113 - Retrying request to {}->http://ftp.jaist.ac.jp:80
2019-10-18 19:26:43,785 [INFO] RetryExec:97 - I/O exception (java.net.SocketException) caught when processing request to {}->http://ftp.jaist.ac.jp:80: Network is unreachable: connect
2019-10-18 19:26:43,785 [INFO] RetryExec:113 - Retrying request to {}->http://ftp.jaist.ac.jp:80
2019-10-18 19:26:43,786 [INFO] RetryExec:97 - I/O exception (java.net.SocketException) caught when processing request to {}->http://ftp.jaist.ac.jp:80: Network is unreachable: connect
2019-10-18 19:26:43,787 [INFO] RetryExec:113 - Retrying request to {}->http://ftp.jaist.ac.jp:80
2019-10-18 19:26:44,146 [INFO] RetryExec:97 - I/O exception (java.net.SocketException) caught when processing request to {}->http://mirror.nbtelecom.com.br:80: Network is unreachable: connect
2019-10-18 19:26:44,147 [INFO] RetryExec:113 - Retrying request to {}->http://mirror.nbtelecom.com.br:80
2019-10-18 19:26:44,148 [INFO] RetryExec:97 - I/O exception (java.net.SocketException) caught when processing request to {}->http://mirror.nbtelecom.com.br:80: Network is unreachable: connect
2019-10-18 19:26:44,148 [INFO] RetryExec:113 - Retrying request to {}->http://mirror.nbtelecom.com.br:80
2019-10-18 19:26:44,150 [INFO] RetryExec:97 - I/O exception (java.net.SocketException) caught when processing request to {}->http://mirror.nbtelecom.com.br:80: Network is unreachable: connect
2019-10-18 19:26:44,150 [INFO] RetryExec:113 - Retrying request to {}->http://mirror.nbtelecom.com.br:80
2019-10-18 19:26:44,169 [INFO] RetryExec:97 - I/O exception (java.net.SocketException) caught when processing request to {}->http://ftp.jaist.ac.jp:80: Network is unreachable: connect
2019-10-18 19:26:44,170 [INFO] RetryExec:113 - Retrying request to {}->http://ftp.jaist.ac.jp:80
2019-10-18 19:26:44,171 [INFO] RetryExec:97 - I/O exception (java.net.SocketException) caught when processing request to {}->http://ftp.jaist.ac.jp:80: Network is unreachable: connect
2019-10-18 19:26:44,172 [INFO] RetryExec:113 - Retrying request to {}->http://ftp.jaist.ac.jp:80
2019-10-18 19:26:44,172 [INFO] RetryExec:97 - I/O exception (java.net.SocketException) caught when processing request to {}->http://ftp.jaist.ac.jp:80: Network is unreachable: connect
2019-10-18 19:26:44,173 [INFO] RetryExec:113 - Retrying request to {}->http://ftp.jaist.ac.jp:80
2019-10-18 19:26:44,218 [INFO] RetryExec:97 - I/O exception (java.net.SocketException) caught when processing request to {}->http://ftp.jaist.ac.jp:80: Network is unreachable: connect
2019-10-18 19:26:44,218 [INFO] RetryExec:113 - Retrying request to {}->http://ftp.jaist.ac.jp:80
2019-10-18 19:26:44,220 [INFO] RetryExec:97 - I/O exception (java.net.SocketException) caught when processing request to {}->http://ftp.jaist.ac.jp:80: Network is unreachable: connect
2019-10-18 19:26:44,220 [INFO] RetryExec:113 - Retrying request to {}->http://ftp.jaist.ac.jp:80
2019-10-18 19:26:44,221 [INFO] RetryExec:97 - I/O exception (java.net.SocketException) caught when processing request to {}->http://ftp.jaist.ac.jp:80: Network is unreachable: connect
2019-10-18 19:26:44,222 [INFO] RetryExec:113 - Retrying request to {}->http://ftp.jaist.ac.jp:80
2019-10-18 19:26:44,281 [INFO] RetryExec:97 - I/O exception (java.net.SocketException) caught when processing request to {}->http://ftp.jaist.ac.jp:80: Network is unreachable: connect
2019-10-18 19:26:44,282 [INFO] RetryExec:113 - Retrying request to {}->http://ftp.jaist.ac.jp:80
2019-10-18 19:26:44,284 [INFO] RetryExec:97 - I/O exception (java.net.SocketException) caught when processing request to {}->http://ftp.jaist.ac.jp:80: Network is unreachable: connect
2019-10-18 19:26:44,284 [INFO] RetryExec:113 - Retrying request to {}->http://ftp.jaist.ac.jp:80
2019-10-18 19:26:44,285 [INFO] RetryExec:97 - I/O exception (java.net.SocketException) caught when processing request to {}->http://ftp.jaist.ac.jp:80: Network is unreachable: connect
2019-10-18 19:26:44,286 [INFO] RetryExec:113 - Retrying request to {}->http://ftp.jaist.ac.jp:80
2019-10-18 19:26:44,303 [INFO] RetryExec:97 - I/O exception (java.net.SocketException) caught when processing request to {}->http://ftp.jaist.ac.jp:80: Network is unreachable: connect
2019-10-18 19:26:44,304 [INFO] RetryExec:113 - Retrying request to {}->http://ftp.jaist.ac.jp:80
2019-10-18 19:26:44,305 [INFO] RetryExec:97 - I/O exception (java.net.SocketException) caught when processing request to {}->http://ftp.jaist.ac.jp:80: Network is unreachable: connect
2019-10-18 19:26:44,305 [INFO] RetryExec:113 - Retrying request to {}->http://ftp.jaist.ac.jp:80
2019-10-18 19:26:44,306 [INFO] RetryExec:97 - I/O exception (java.net.SocketException) caught when processing request to {}->http://ftp.jaist.ac.jp:80: Network is unreachable: connect
2019-10-18 19:26:44,306 [INFO] RetryExec:113 - Retrying request to {}->http://ftp.jaist.ac.jp:80
2019-10-18 19:26:44,331 [INFO] RetryExec:97 - I/O exception (java.net.SocketException) caught when processing request to {}->http://ftp.jaist.ac.jp:80: Network is unreachable: connect
2019-10-18 19:26:44,331 [INFO] RetryExec:113 - Retrying request to {}->http://ftp.jaist.ac.jp:80
2019-10-18 19:26:44,332 [INFO] RetryExec:97 - I/O exception (java.net.SocketException) caught when processing request to {}->http://ftp.jaist.ac.jp:80: Network is unreachable: connect
2019-10-18 19:26:44,332 [INFO] RetryExec:113 - Retrying request to {}->http://ftp.jaist.ac.jp:80
2019-10-18 19:26:44,334 [INFO] RetryExec:97 - I/O exception (java.net.SocketException) caught when processing request to {}->http://ftp.jaist.ac.jp:80: Network is unreachable: connect
2019-10-18 19:26:44,334 [INFO] RetryExec:113 - Retrying request to {}->http://ftp.jaist.ac.jp:80
2019-10-18 19:26:44,439 [INFO] RetryExec:97 - I/O exception (java.net.SocketException) caught when processing request to {}->http://ftp.jaist.ac.jp:80: Network is unreachable: connect
2019-10-18 19:26:44,439 [INFO] RetryExec:113 - Retrying request to {}->http://ftp.jaist.ac.jp:80
2019-10-18 19:26:44,452 [INFO] RetryExec:97 - I/O exception (java.net.SocketException) caught when processing request to {}->http://ftp.jaist.ac.jp:80: Network is unreachable: connect
2019-10-18 19:26:44,452 [INFO] RetryExec:113 - Retrying request to {}->http://ftp.jaist.ac.jp:80
2019-10-18 19:26:44,453 [INFO] RetryExec:97 - I/O exception (java.net.SocketException) caught when processing request to {}->http://ftp.jaist.ac.jp:80: Network is unreachable: connect
2019-10-18 19:26:44,454 [INFO] RetryExec:113 - Retrying request to {}->http://ftp.jaist.ac.jp:80
2019-10-18 19:26:44,502 [INFO] RetryExec:97 - I/O exception (java.net.SocketException) caught when processing request to {}->http://ftp.jaist.ac.jp:80: Network is unreachable: connect
2019-10-18 19:26:44,502 [INFO] RetryExec:113 - Retrying request to {}->http://ftp.jaist.ac.jp:80
2019-10-18 19:26:44,505 [INFO] RetryExec:97 - I/O exception (java.net.SocketException) caught when processing request to {}->http://ftp.jaist.ac.jp:80: Network is unreachable: connect
2019-10-18 19:26:44,505 [INFO] RetryExec:113 - Retrying request to {}->http://ftp.jaist.ac.jp:80
2019-10-18 19:26:44,506 [INFO] RetryExec:97 - I/O exception (java.net.SocketException) caught when processing request to {}->http://ftp.jaist.ac.jp:80: Network is unreachable: connect
2019-10-18 19:26:44,507 [INFO] RetryExec:113 - Retrying request to {}->http://ftp.jaist.ac.jp:80
2019-10-18 19:26:44,594 [INFO] RetryExec:97 - I/O exception (java.net.SocketException) caught when processing request to {}->http://ftp.jaist.ac.jp:80: Network is unreachable: connect
2019-10-18 19:26:44,594 [INFO] RetryExec:113 - Retrying request to {}->http://ftp.jaist.ac.jp:80
2019-10-18 19:26:44,595 [INFO] RetryExec:97 - I/O exception (java.net.SocketException) caught when processing request to {}->http://ftp.jaist.ac.jp:80: Network is unreachable: connect
2019-10-18 19:26:44,596 [INFO] RetryExec:113 - Retrying request to {}->http://ftp.jaist.ac.jp:80
2019-10-18 19:26:44,596 [INFO] RetryExec:97 - I/O exception (java.net.SocketException) caught when processing request to {}->http://ftp.jaist.ac.jp:80: Network is unreachable: connect
2019-10-18 19:26:44,597 [INFO] RetryExec:113 - Retrying request to {}->http://ftp.jaist.ac.jp:80
2019-10-18 19:26:44,620 [INFO] RetryExec:97 - I/O exception (java.net.SocketException) caught when processing request to {}->http://ftp.jaist.ac.jp:80: Network is unreachable: connect
2019-10-18 19:26:44,620 [INFO] RetryExec:113 - Retrying request to {}->http://ftp.jaist.ac.jp:80
2019-10-18 19:26:44,621 [INFO] RetryExec:97 - I/O exception (java.net.SocketException) caught when processing request to {}->http://ftp.jaist.ac.jp:80: Network is unreachable: connect
2019-10-18 19:26:44,621 [INFO] RetryExec:113 - Retrying request to {}->http://ftp.jaist.ac.jp:80
2019-10-18 19:26:44,622 [INFO] RetryExec:97 - I/O exception (java.net.SocketException) caught when processing request to {}->http://ftp.jaist.ac.jp:80: Network is unreachable: connect
2019-10-18 19:26:44,622 [INFO] RetryExec:113 - Retrying request to {}->http://ftp.jaist.ac.jp:80
2019-10-18 19:27:04,953 [INFO] RetryExec:97 - I/O exception (org.apache.http.NoHttpResponseException) caught when processing request to {}->http://ftp.jaist.ac.jp:80: The target server failed to respond
2019-10-18 19:27:04,954 [INFO] RetryExec:113 - Retrying request to {}->http://ftp.jaist.ac.jp:80
2019-10-18 19:27:10,079 [INFO] RetryExec:97 - I/O exception (org.apache.http.NoHttpResponseException) caught when processing request to {}->http://ftp.jaist.ac.jp:80: The target server failed to respond
2019-10-18 19:27:10,079 [INFO] RetryExec:113 - Retrying request to {}->http://ftp.jaist.ac.jp:80
2019-10-18 19:27:11,823 [INFO] RetryExec:97 - I/O exception (org.apache.http.NoHttpResponseException) caught when processing request to {s}->https://download.eclipse.org:443: The target server failed to respond
2019-10-18 19:27:11,823 [INFO] RetryExec:113 - Retrying request to {s}->https://download.eclipse.org:443
2019-10-18 19:27:15,515 [INFO] RetryExec:97 - I/O exception (org.apache.http.NoHttpResponseException) caught when processing request to {}->http://ftp.jaist.ac.jp:80: The target server failed to respond
2019-10-18 19:27:15,516 [INFO] RetryExec:113 - Retrying request to {}->http://ftp.jaist.ac.jp:80
2019-10-18 19:27:18,725 [INFO] RetryExec:97 - I/O exception (org.apache.http.NoHttpResponseException) caught when processing request to {}->http://ftp.jaist.ac.jp:80: The target server failed to respond
2019-10-18 19:27:18,725 [INFO] RetryExec:113 - Retrying request to {}->http://ftp.jaist.ac.jp:80
2019-10-18 19:27:23,050 [INFO] RetryExec:97 - I/O exception (org.apache.http.NoHttpResponseException) caught when processing request to {s}->https://download.eclipse.org:443: The target server failed to respond
2019-10-18 19:27:23,050 [INFO] RetryExec:113 - Retrying request to {s}->https://download.eclipse.org:443
2019-10-18 19:27:23,052 [INFO] RetryExec:97 - I/O exception (org.apache.http.NoHttpResponseException) caught when processing request to {s}->https://download.eclipse.org:443: The target server failed to respond
2019-10-18 19:27:23,052 [INFO] RetryExec:113 - Retrying request to {s}->https://download.eclipse.org:443
2019-10-18 19:27:23,624 [INFO] RetryExec:97 - I/O exception (org.apache.http.NoHttpResponseException) caught when processing request to {}->http://ftp.jaist.ac.jp:80: The target server failed to respond
2019-10-18 19:27:23,624 [INFO] RetryExec:113 - Retrying request to {}->http://ftp.jaist.ac.jp:80
2019-10-18 19:27:26,649 [INFO] RetryExec:97 - I/O exception (org.apache.http.NoHttpResponseException) caught when processing request to {}->http://ftp.jaist.ac.jp:80: The target server failed to respond
2019-10-18 19:27:26,649 [INFO] RetryExec:113 - Retrying request to {}->http://ftp.jaist.ac.jp:80
2019-10-18 19:27:26,650 [INFO] RetryExec:97 - I/O exception (org.apache.http.NoHttpResponseException) caught when processing request to {}->http://ftp.jaist.ac.jp:80: The target server failed to respond
2019-10-18 19:27:26,650 [INFO] RetryExec:113 - Retrying request to {}->http://ftp.jaist.ac.jp:80
2019-10-18 19:27:27,733 [INFO] RetryExec:97 - I/O exception (org.apache.http.NoHttpResponseException) caught when processing request to {}->http://ftp.jaist.ac.jp:80: The target server failed to respond
2019-10-18 19:27:27,733 [INFO] RetryExec:113 - Retrying request to {}->http://ftp.jaist.ac.jp:80
2019-10-18 19:27:30,161 [INFO] RetryExec:97 - I/O exception (org.apache.http.NoHttpResponseException) caught when processing request to {}->http://ftp.jaist.ac.jp:80: The target server failed to respond
2019-10-18 19:27:30,161 [INFO] RetryExec:113 - Retrying request to {}->http://ftp.jaist.ac.jp:80
2019-10-18 19:27:30,162 [INFO] RetryExec:97 - I/O exception (org.apache.http.NoHttpResponseException) caught when processing request to {}->http://ftp.jaist.ac.jp:80: The target server failed to respond
2019-10-18 19:27:30,163 [INFO] RetryExec:113 - Retrying request to {}->http://ftp.jaist.ac.jp:80
2019-10-18 19:45:28,705 [INFO] Activator:176 - 


2019-10-18 19:45:28,711 [INFO] Activator:177 - !SESSION log4j initialized
2019-10-18 19:59:33,339 [INFO] Activator:176 - 


2019-10-18 19:59:33,343 [INFO] Activator:177 - !SESSION log4j initialized
2019-10-18 20:08:22,250 [INFO] Activator:176 - 


2019-10-18 20:08:22,254 [INFO] Activator:177 - !SESSION log4j initialized
2019-10-18 20:08:32,814 [ERROR] LogOutputStream:74 - [STDERR_REDIRECT] 2019-10-18 20:08:32.798:INFO::Worker-1: Initialize: Logging initialized @31408ms
2019-10-18 20:09:32,143 [ERROR] LogOutputStream:74 - [STDERR_REDIRECT] ??? 18, 2019 8:09:32 ???? org.glassfish.grizzly.nio.NIOTransport start
2019-10-18 20:09:32,146 [ERROR] LogOutputStream:74 - [STDERR_REDIRECT] ???: Adjusting kernel thread pool to max size 5 to handle configured number of SelectorRunners
2019-10-18 20:09:32,146 [ERROR] LogOutputStream:74 - [STDERR_REDIRECT] 
2019-10-18 20:09:32,166 [ERROR] LogOutputStream:74 - [STDERR_REDIRECT] ??? 18, 2019 8:09:32 ???? org.glassfish.grizzly.http.server.NetworkListener start
2019-10-18 20:09:32,167 [ERROR] LogOutputStream:74 - [STDERR_REDIRECT] ???: Started listener bound to [127.0.0.1:55405]
2019-10-18 20:09:32,167 [ERROR] LogOutputStream:74 - [STDERR_REDIRECT] 
2019-10-18 20:09:32,169 [ERROR] LogOutputStream:74 - [STDERR_REDIRECT] ??? 18, 2019 8:09:32 ???? org.glassfish.grizzly.http.server.HttpServer start
2019-10-18 20:09:32,170 [ERROR] LogOutputStream:74 - [STDERR_REDIRECT] ???: [HttpServer] Started.
2019-10-18 20:09:32,171 [ERROR] LogOutputStream:74 - [STDERR_REDIRECT] 
2019-10-18 20:09:32,206 [ERROR] LogOutputStream:74 - [STDERR_REDIRECT] ??? 18, 2019 8:09:32 ???? org.glassfish.tyrus.server.Server start
2019-10-18 20:09:32,208 [ERROR] LogOutputStream:74 - [STDERR_REDIRECT] ???: WebSocket Registered apps: URLs all start with ws://127.0.0.1:55405
2019-10-18 20:09:32,208 [ERROR] LogOutputStream:74 - [STDERR_REDIRECT] 
2019-10-18 20:09:32,209 [ERROR] LogOutputStream:74 - [STDERR_REDIRECT] ??? 18, 2019 8:09:32 ???? org.glassfish.tyrus.server.Server start
2019-10-18 20:09:32,210 [ERROR] LogOutputStream:74 - [STDERR_REDIRECT] ???: WebSocket server started.
2019-10-18 20:09:32,210 [ERROR] LogOutputStream:74 - [STDERR_REDIRECT] 
2019-10-18 20:10:09,945 [ERROR] LogOutputStream:74 - [STDERR_REDIRECT] ??? 18, 2019 8:10:09 ???? org.glassfish.grizzly.http.server.NetworkListener shutdownNow
2019-10-18 20:10:09,947 [ERROR] LogOutputStream:74 - [STDERR_REDIRECT] ???: Stopped listener bound to [127.0.0.1:55405]
2019-10-18 20:10:09,948 [ERROR] LogOutputStream:74 - [STDERR_REDIRECT] 
2019-10-18 20:10:09,952 [ERROR] LogOutputStream:74 - [STDERR_REDIRECT] ??? 18, 2019 8:10:09 ???? org.glassfish.tyrus.server.Server stop
2019-10-18 20:10:09,953 [ERROR] LogOutputStream:74 - [STDERR_REDIRECT] ???: Websocket Server stopped.
2019-10-18 20:10:09,954 [ERROR] LogOutputStream:74 - [STDERR_REDIRECT] 
2019-10-18 20:10:10,837 [ERROR] LogOutputStream:74 - [STDERR_REDIRECT] 
2019-10-18 20:10:31,452 [INFO] Activator:176 - 


2019-10-18 20:10:31,455 [INFO] Activator:177 - !SESSION log4j initialized
2019-10-18 20:10:41,451 [ERROR] LogOutputStream:74 - [STDERR_REDIRECT] 2019-10-18 20:10:41.447:INFO::Worker-7: Initialize: Logging initialized @30514ms
2019-10-18 20:11:14,395 [ERROR] LogOutputStream:74 - [STDERR_REDIRECT] ??? 18, 2019 8:11:14 ???? org.glassfish.grizzly.nio.NIOTransport start
2019-10-18 20:11:14,397 [ERROR] LogOutputStream:74 - [STDERR_REDIRECT] ???: Adjusting kernel thread pool to max size 5 to handle configured number of SelectorRunners
2019-10-18 20:11:14,397 [ERROR] LogOutputStream:74 - [STDERR_REDIRECT] 
2019-10-18 20:11:14,414 [ERROR] LogOutputStream:74 - [STDERR_REDIRECT] ??? 18, 2019 8:11:14 ???? org.glassfish.grizzly.http.server.NetworkListener start
2019-10-18 20:11:14,416 [ERROR] LogOutputStream:74 - [STDERR_REDIRECT] ???: Started listener bound to [127.0.0.1:55802]
2019-10-18 20:11:14,416 [ERROR] LogOutputStream:74 - [STDERR_REDIRECT] 
2019-10-18 20:11:14,419 [ERROR] LogOutputStream:74 - [STDERR_REDIRECT] ??? 18, 2019 8:11:14 ???? org.glassfish.grizzly.http.server.HttpServer start
2019-10-18 20:11:14,420 [ERROR] LogOutputStream:74 - [STDERR_REDIRECT] ???: [HttpServer] Started.
2019-10-18 20:11:14,420 [ERROR] LogOutputStream:74 - [STDERR_REDIRECT] 
2019-10-18 20:11:14,452 [ERROR] LogOutputStream:74 - [STDERR_REDIRECT] ??? 18, 2019 8:11:14 ???? org.glassfish.tyrus.server.Server start
2019-10-18 20:11:14,453 [ERROR] LogOutputStream:74 - [STDERR_REDIRECT] ???: WebSocket Registered apps: URLs all start with ws://127.0.0.1:55802
2019-10-18 20:11:14,453 [ERROR] LogOutputStream:74 - [STDERR_REDIRECT] 
2019-10-18 20:11:14,455 [ERROR] LogOutputStream:74 - [STDERR_REDIRECT] ??? 18, 2019 8:11:14 ???? org.glassfish.tyrus.server.Server start
2019-10-18 20:11:14,456 [ERROR] LogOutputStream:74 - [STDERR_REDIRECT] ???: WebSocket server started.
2019-10-18 20:11:14,456 [ERROR] LogOutputStream:74 - [STDERR_REDIRECT] 
2019-10-18 20:12:10,427 [ERROR] LogOutputStream:74 - [STDERR_REDIRECT] ??? 18, 2019 8:12:10 ???? org.glassfish.grizzly.http.server.NetworkListener shutdownNow
2019-10-18 20:12:10,431 [ERROR] LogOutputStream:74 - [STDERR_REDIRECT] ???: Stopped listener bound to [127.0.0.1:55802]
2019-10-18 20:12:10,432 [ERROR] LogOutputStream:74 - [STDERR_REDIRECT] 
2019-10-18 20:12:10,437 [ERROR] LogOutputStream:74 - [STDERR_REDIRECT] ??? 18, 2019 8:12:10 ???? org.glassfish.tyrus.server.Server stop
2019-10-18 20:12:10,438 [ERROR] LogOutputStream:74 - [STDERR_REDIRECT] ???: Websocket Server stopped.
2019-10-18 20:12:10,439 [ERROR] LogOutputStream:74 - [STDERR_REDIRECT] 
2019-10-18 20:12:11,517 [ERROR] LogOutputStream:74 - [STDERR_REDIRECT] 
2019-10-18 20:12:30,788 [INFO] Activator:176 - 


2019-10-18 20:12:30,792 [INFO] Activator:177 - !SESSION log4j initialized
2019-10-18 20:12:41,103 [ERROR] LogOutputStream:74 - [STDERR_REDIRECT] 2019-10-18 20:12:41.099:INFO::Worker-3: Initialize: Logging initialized @29520ms
2019-10-18 20:13:24,850 [ERROR] LogOutputStream:74 - [STDERR_REDIRECT] ??? 18, 2019 8:13:24 ???? org.glassfish.grizzly.nio.NIOTransport start
2019-10-18 20:13:24,852 [ERROR] LogOutputStream:74 - [STDERR_REDIRECT] ???: Adjusting kernel thread pool to max size 5 to handle configured number of SelectorRunners
2019-10-18 20:13:24,852 [ERROR] LogOutputStream:74 - [STDERR_REDIRECT] 
2019-10-18 20:13:24,870 [ERROR] LogOutputStream:74 - [STDERR_REDIRECT] ??? 18, 2019 8:13:24 ???? org.glassfish.grizzly.http.server.NetworkListener start
2019-10-18 20:13:24,872 [ERROR] LogOutputStream:74 - [STDERR_REDIRECT] ???: Started listener bound to [127.0.0.1:56416]
2019-10-18 20:13:24,872 [ERROR] LogOutputStream:74 - [STDERR_REDIRECT] 
2019-10-18 20:13:24,875 [ERROR] LogOutputStream:74 - [STDERR_REDIRECT] ??? 18, 2019 8:13:24 ???? org.glassfish.grizzly.http.server.HttpServer start
2019-10-18 20:13:24,876 [ERROR] LogOutputStream:74 - [STDERR_REDIRECT] ???: [HttpServer] Started.
2019-10-18 20:13:24,876 [ERROR] LogOutputStream:74 - [STDERR_REDIRECT] 
2019-10-18 20:13:24,919 [ERROR] LogOutputStream:74 - [STDERR_REDIRECT] ??? 18, 2019 8:13:24 ???? org.glassfish.tyrus.server.Server start
2019-10-18 20:13:24,920 [ERROR] LogOutputStream:74 - [STDERR_REDIRECT] ???: WebSocket Registered apps: URLs all start with ws://127.0.0.1:56416
2019-10-18 20:13:24,920 [ERROR] LogOutputStream:74 - [STDERR_REDIRECT] 
2019-10-18 20:13:24,922 [ERROR] LogOutputStream:74 - [STDERR_REDIRECT] ??? 18, 2019 8:13:24 ???? org.glassfish.tyrus.server.Server start
2019-10-18 20:13:24,923 [ERROR] LogOutputStream:74 - [STDERR_REDIRECT] ???: WebSocket server started.
2019-10-18 20:13:24,924 [ERROR] LogOutputStream:74 - [STDERR_REDIRECT] 
2019-10-18 20:16:45,225 [INFO] LogOutputStream:76 - [STDOUT_REDIRECT] Successfull proxy connection.
2019-10-18 20:16:51,356 [INFO] LogOutputStream:76 - [STDOUT_REDIRECT] toolchainItems.length=====1
2019-10-18 20:21:12,948 [ERROR] LogOutputStream:74 - [STDERR_REDIRECT] [Fatal Error] cubemx.pidx:10:42: Open quote is expected for attribute "language" associated with an  element type  "script".
2019-10-18 20:21:12,949 [ERROR] LogOutputStream:74 - [STDERR_REDIRECT] 
